match/unityLibrary/build/intermediates/manifest_merge_blame_file/release/manifest-merger-blame-release-report.txt
1<?xml version="1.0" encoding="utf-8"?>
2<!-- GENERATED BY UNITY. REMOVE THIS COMMENT TO PREVENT OVERWRITING WHEN EXPORTING AGAIN -->
3<manifest xmlns:android="http://schemas.android.com/apk/res/android"
4    xmlns:tools="http://schemas.android.com/tools"
5    package="com.unity3d.player" >
6
7    <uses-sdk
8        android:minSdkVersion="24"
8-->src/main/AndroidManifest.xml
9        android:targetSdkVersion="30" />
9-->src/main/AndroidManifest.xml
10
11    <uses-permission android:name="android.permission.INTERNET" />
11-->src/main/AndroidManifest.xml:4:3-65
11-->src/main/AndroidManifest.xml:4:20-62
12    <uses-permission android:name="android.permission.ACCESS_NETWORK_STATE" />
12-->src/main/AndroidManifest.xml:5:3-77
12-->src/main/AndroidManifest.xml:5:20-74
13    <uses-permission android:name="android.permission.ACCESS_WIFI_STATE" />
13-->src/main/AndroidManifest.xml:6:3-74
13-->src/main/AndroidManifest.xml:6:20-71
14    <uses-permission android:name="android.gms.permission.AD_ID" />
14-->src/main/AndroidManifest.xml:7:3-66
14-->src/main/AndroidManifest.xml:7:20-63
15
16    <uses-feature android:glEsVersion="0x00030000" />
16-->src/main/AndroidManifest.xml:30:3-52
16-->src/main/AndroidManifest.xml:30:17-49
17    <uses-feature
17-->src/main/AndroidManifest.xml:31:3-91
18        android:name="android.hardware.vulkan.version"
18-->src/main/AndroidManifest.xml:31:17-63
19        android:required="false" />
19-->src/main/AndroidManifest.xml:31:64-88
20    <uses-feature
20-->src/main/AndroidManifest.xml:32:3-88
21        android:name="android.hardware.touchscreen"
21-->src/main/AndroidManifest.xml:32:17-60
22        android:required="false" />
22-->src/main/AndroidManifest.xml:32:61-85
23    <uses-feature
23-->src/main/AndroidManifest.xml:33:3-99
24        android:name="android.hardware.touchscreen.multitouch"
24-->src/main/AndroidManifest.xml:33:17-71
25        android:required="false" />
25-->src/main/AndroidManifest.xml:33:72-96
26    <uses-feature
26-->src/main/AndroidManifest.xml:34:3-108
27        android:name="android.hardware.touchscreen.multitouch.distinct"
27-->src/main/AndroidManifest.xml:34:17-80
28        android:required="false" />
28-->src/main/AndroidManifest.xml:34:81-105
29
30    <application>
30-->src/main/AndroidManifest.xml:8:3-29:17
31        <activity
31-->src/main/AndroidManifest.xml:9:5-22:16
32            android:name="com.unity3d.player.UnityPlayerActivity"
32-->src/main/AndroidManifest.xml:9:15-68
33            android:configChanges="mcc|mnc|locale|touchscreen|keyboard|keyboardHidden|navigation|orientation|screenLayout|uiMode|screenSize|smallestScreenSize|fontScale|layoutDirection|density"
33-->src/main/AndroidManifest.xml:9:182-363
34            android:hardwareAccelerated="false"
34-->src/main/AndroidManifest.xml:9:399-434
35            android:launchMode="singleTask"
35-->src/main/AndroidManifest.xml:9:150-181
36            android:resizeableActivity="false"
36-->src/main/AndroidManifest.xml:9:364-398
37            android:screenOrientation="fullSensor"
37-->src/main/AndroidManifest.xml:9:111-149
38            android:theme="@style/UnityThemeSelector" >
38-->src/main/AndroidManifest.xml:9:69-110
39            <intent-filter>
39-->src/main/AndroidManifest.xml:10:7-13:23
40                <action android:name="android.intent.action.MAIN" />
40-->src/main/AndroidManifest.xml:11:9-61
40-->src/main/AndroidManifest.xml:11:17-58
41
42                <category android:name="android.intent.category.LAUNCHER" />
42-->src/main/AndroidManifest.xml:12:9-69
42-->src/main/AndroidManifest.xml:12:19-66
43            </intent-filter>
44
45            <meta-data
45-->src/main/AndroidManifest.xml:14:7-82
46                android:name="unityplayer.UnityActivity"
46-->src/main/AndroidManifest.xml:14:18-58
47                android:value="true" />
47-->src/main/AndroidManifest.xml:14:59-79
48
49            <intent-filter android:autoVerify="true" >
49-->src/main/AndroidManifest.xml:15:7-20:23
49-->src/main/AndroidManifest.xml:15:22-47
50                <action android:name="android.intent.action.VIEW" />
50-->src/main/AndroidManifest.xml:16:9-61
50-->src/main/AndroidManifest.xml:16:17-58
51
52                <category android:name="android.intent.category.DEFAULT" />
52-->src/main/AndroidManifest.xml:17:9-68
52-->src/main/AndroidManifest.xml:17:19-65
53                <category android:name="android.intent.category.BROWSABLE" />
53-->src/main/AndroidManifest.xml:18:9-70
53-->src/main/AndroidManifest.xml:18:19-67
54
55                <data
55-->src/main/AndroidManifest.xml:19:9-93
56                    android:host="af-unity-sample-app-public.onelink.me"
56-->src/main/AndroidManifest.xml:19:38-90
57                    android:scheme="https" />
57-->src/main/AndroidManifest.xml:19:15-37
58            </intent-filter>
59
60            <meta-data
60-->src/main/AndroidManifest.xml:21:7-78
61                android:name="android.notch_support"
61-->src/main/AndroidManifest.xml:21:18-54
62                android:value="true" />
62-->src/main/AndroidManifest.xml:21:55-75
63        </activity>
64
65        <meta-data
65-->src/main/AndroidManifest.xml:23:5-69
66            android:name="unity.splash-mode"
66-->src/main/AndroidManifest.xml:23:16-48
67            android:value="0" />
67-->src/main/AndroidManifest.xml:23:49-66
68        <meta-data
68-->src/main/AndroidManifest.xml:24:5-74
69            android:name="unity.splash-enable"
69-->src/main/AndroidManifest.xml:24:16-50
70            android:value="True" />
70-->src/main/AndroidManifest.xml:24:51-71
71        <meta-data
71-->src/main/AndroidManifest.xml:25:5-78
72            android:name="unity.launch-fullscreen"
72-->src/main/AndroidManifest.xml:25:16-54
73            android:value="True" />
73-->src/main/AndroidManifest.xml:25:55-75
74        <meta-data
74-->src/main/AndroidManifest.xml:26:5-84
75            android:name="unity.allow-resizable-window"
75-->src/main/AndroidManifest.xml:26:16-59
76            android:value="False" />
76-->src/main/AndroidManifest.xml:26:60-81
77        <meta-data
77-->src/main/AndroidManifest.xml:27:5-81
78            android:name="notch.config"
78-->src/main/AndroidManifest.xml:27:16-43
79            android:value="portrait|landscape" />
79-->src/main/AndroidManifest.xml:27:44-78
80        <meta-data
80-->src/main/AndroidManifest.xml:28:5-101
81            android:name="unity.build-id"
81-->src/main/AndroidManifest.xml:28:16-45
82            android:value="24913a7f-a0c7-4e71-83f9-36a603e952dd" />
82-->src/main/AndroidManifest.xml:28:46-98
83    </application>
84
85</manifest>